<?xml version="1.0" encoding="UTF-8"?>
<!-- Generated by org.testng.reporters.JUnitReportReporter -->
<testsuite skipped="0" hostname="LAPTOP-9R55L3GO" name="EcommerceTestPack.Test_003_addtocart" tests="1" failures="0" timestamp="2021-02-24T21:56:02 AEDT" time="34.275" errors="0">
  <testcase name="addtocartMobile" time="34.275" classname="EcommerceTestPack.Test_003_addtocart"/>
  <system-out/>
</testsuite> <!-- EcommerceTestPack.Test_003_addtocart -->
