<?xml version="1.0" encoding="UTF-8"?>
<!-- Generated by org.testng.reporters.JUnitReportReporter -->
<testsuite skipped="0" hostname="LAPTOP-9R55L3GO" name="EcommerceTestPack.Test_004_compareMobile" tests="1" failures="0" timestamp="2021-02-25T11:49:03 AEDT" time="59.385" errors="0">
  <testcase name="Compare2Mobiles" time="59.385" classname="EcommerceTestPack.Test_004_compareMobile"/>
  <system-out/>
</testsuite> <!-- EcommerceTestPack.Test_004_compareMobile -->
