<?xml version="1.0" encoding="UTF-8"?>
<!-- Generated by org.testng.reporters.JUnitReportReporter -->
<testsuite skipped="0" hostname="LAPTOP-9R55L3GO" name="EcommerceTestPack.Test_001_sort" tests="1" failures="0" timestamp="2021-02-24T13:27:37 AEDT" time="9.681" errors="0">
  <testcase name="sorting_Mobile" time="9.681" classname="EcommerceTestPack.Test_001_sort"/>
  <system-out/>
</testsuite> <!-- EcommerceTestPack.Test_001_sort -->
